Arguments: 
  C:\Program Files\nodejs\node.exe C:\Program Files\nodejs\node_modules\yarn\bin\yarn.js

PATH: 
  C:\WINDOWS\system32;C:\WINDOWS;C:\WINDOWS\System32\Wbem;C:\WINDOWS\System32\WindowsPowerShell\v1.0\;C:\WINDOWS\System32\OpenSSH\;C:\Program Files\PowerShell\7\;C:\Users\richa\AppData\Roaming\nvm;C:\Program Files\nodejs;C:\Program Files\Git\cmd;C:\Program Files\Git\mingw64\bin;C:\Program Files\Git\usr\bin;C:\Users\richa\AppData\Local\Microsoft\WindowsApps;C:\Users\richa\AppData\Local\Programs\Microsoft VS Code\bin;C:\Users\richa\AppData\Local\GitHubDesktop\bin;C:\Users\richa\AppData\Roaming\nvm;C:\Program Files\nodejs;C:\Users\richa\AppData\Local\Yarn\bin;

Yarn version: 
  1.22.19

Node version: 
  18.12.1

Platform: 
  win32 x64

Trace: 
  SyntaxError: C:\Users\richa\source\repos\accordion-component\package.json: Unexpected string in JSON at position 1991
      at JSON.parse (<anonymous>)
      at C:\Users\richa\AppData\Roaming\nvm\v18.12.1\node_modules\yarn\lib\cli.js:1629:59
      at Generator.next (<anonymous>)
      at step (C:\Users\richa\AppData\Roaming\nvm\v18.12.1\node_modules\yarn\lib\cli.js:310:30)
      at C:\Users\richa\AppData\Roaming\nvm\v18.12.1\node_modules\yarn\lib\cli.js:321:13

npm manifest: 
  {
    "name": "@zeilsell-user1/accordion-component",
    "publishConfig": {
      "registry": "https://npm.pkg.github.com/zeilsell-user1"
    },
    "version": "0.0.1",
    "description": "This is a simple accordion component to be used with react/next apps",
    "scripts": {
      "rollup": "rollup -c",
      "test": "jest",
      "test:watch": "jest --watch",
      "storybook": "start-storybook -p 6006",
      "build-storybook": "build-storybook"
    },
    "author": "Richard George <richard.jhn.george.3@gmail.com>",
    "license": "MIT",
    "private": false,
    "dependencies": {
      "react": "^18.2.0",
      "react-dom": "^18.2.0",
      "styled-components": "^5.3.6"
    },
    "devDependencies": {
      "@babel/core": "^7.20.5",
      "@rollup/plugin-commonjs": "^24.0.0",
      "@rollup/plugin-node-resolve": "^15.0.1",
      "@rollup/plugin-terser": "^0.2.0",
      "@rollup/plugin-typescript": "^10.0.1",
      "@storybook/addon-actions": "^6.5.14",
      "@storybook/addon-essentials": "^6.5.14",
      "@storybook/addon-interactions": "^6.5.14",
      "@storybook/addon-links": "^6.5.14",
      "@storybook/builder-webpack4": "^6.5.14",
      "@storybook/manager-webpack4": "^6.5.14",
      "@storybook/react": "^6.5.14",
      "@storybook/testing-library": "^0.0.13",
      "@testing-library/jest-dom": "^5.16.5",
      "@testing-library/react": "^13.4.0",
      "@types/jest": "^29.2.4",
      "@types/react": "^18.0.26",
      "@types/styled-components": "^5.1.26",
      "babel-loader": "^8.3.0",
      "install-peers": "^1.0.4",
      "jest": "^29.3.1",
      "jest-environment-jsdom": "^29.3.1",
      "react": "^18.2.0",
      "react-dom": "^18.2.0",
      "react-is": "^18.2.0",
      "react-test-renderer": "^18.2.0",
      "rollup": "^3.7.5",
      "rollup-plugin-dts": "^5.0.0",
      "storybook": "^6.5.14",
      "ts-jest": "^29.0.3",
      "tslib": "^2.4.1",
      "typescript": "^4.9.4"
    },
    "main": "index.js",
    "module": "dist/esm/index.js",
    "files": [
      "dist"
    ],
    "types": "dist/index.d.ts",
    "peerDependencies": {
      "webpack": "^5.75.0"
    }
    "repository": "https://github.com/zeilsell-user1/accordion-component.git",
  }

yarn manifest: 
  No manifest

Lockfile: 
  No lockfile
